#
# There is insufficient memory for the Java Runtime Environment to continue.
# Native memory allocation (mmap) failed to map 65536 bytes for Failed to commit metaspace.
# Possible reasons:
#   The system is out of physical RAM or swap space
#   The process is running with CompressedOops enabled, and the Java Heap may be blocking the growth of the native heap
# Possible solutions:
#   Reduce memory load on the system
#   Increase physical memory or swap space
#   Check if swap backing store is full
#   Decrease Java heap size (-Xmx/-Xms)
#   Decrease number of Java threads
#   Decrease Java thread stack sizes (-Xss)
#   Set larger code cache with -XX:ReservedCodeCacheSize=
#   JVM is running with Zero Based Compressed Oops mode in which the Java heap is
#     placed in the first 32GB address space. The Java Heap base address is the
#     maximum limit for the native heap growth. Please use -XX:HeapBaseMinAddress
#     to set the Java Heap base and to place the Java Heap above 32GB virtual address.
# This output file may be truncated or incomplete.
#
#  Out of Memory Error (virtualSpaceNode.cpp:110), pid=26388, tid=27940
#
# JRE version: Java(TM) SE Runtime Environment (17.0+35) (build 17+35-LTS-2724)
# Java VM: Java HotSpot(TM) 64-Bit Server VM (17+35-LTS-2724, mixed mode, sharing, tiered, compressed oops, compressed class ptrs, g1 gc, windows-amd64)
# No core dump will be written. Minidumps are not enabled by default on client versions of Windows
#

---------------  S U M M A R Y ------------

Command Line: -Dfile.encoding=UTF-8 -Dstdout.encoding=UTF-8 -Dstderr.encoding=UTF-8 -XX:+ShowCodeDetailsInExceptionMessages day20.ProductDriver

Host: Intel(R) Core(TM) i7-6650U CPU @ 2.20GHz, 4 cores, 15G,  Windows 10 , 64 bit Build 19041 (10.0.19041.5915)
Time: Thu Mar 12 20:20:09 2026 India Standard Time elapsed time: 0.495603 seconds (0d 0h 0m 0s)

---------------  T H R E A D  ---------------

Current thread (0x0000023961eb1fb0):  JavaThread "main" [_thread_in_vm, id=27940, stack(0x0000004c77a00000,0x0000004c77b00000)]

Stack: [0x0000004c77a00000,0x0000004c77b00000]
Native frames: (J=compiled Java code, j=interpreted, Vv=VM code, C=native code)
V  [jvm.dll+0x66f8ea]
V  [jvm.dll+0x7ce224]
V  [jvm.dll+0x7cf9ce]
V  [jvm.dll+0x7d0033]
V  [jvm.dll+0x242bb5]
V  [jvm.dll+0x7ca1cb]
V  [jvm.dll+0x615a46]
V  [jvm.dll+0x1be28e]
V  [jvm.dll+0x618381]
V  [jvm.dll+0x6163e6]
V  [jvm.dll+0x238590]
V  [jvm.dll+0x1e885d]
V  [jvm.dll+0x1de2e1]
V  [jvm.dll+0x5375c0]
V  [jvm.dll+0x749598]
V  [jvm.dll+0x749684]
V  [jvm.dll+0x4088c5]
V  [jvm.dll+0x40e918]
C  [java.dll+0x17ec]

Java frames: (J=compiled Java code, j=interpreted, Vv=VM code)
j  java.lang.ClassLoader.defineClass1(Ljava/lang/ClassLoader;Ljava/lang/String;[BIILjava/security/ProtectionDomain;Ljava/lang/String;)Ljava/lang/Class;+0 java.base@17
j  java.lang.ClassLoader.defineClass(Ljava/lang/String;[BIILjava/security/ProtectionDomain;)Ljava/lang/Class;+27 java.base@17
j  java.security.SecureClassLoader.defineClass(Ljava/lang/String;[BIILjava/security/CodeSource;)Ljava/lang/Class;+12 java.base@17
j  jdk.internal.loader.BuiltinClassLoader.defineClass(Ljava/lang/String;Ljdk/internal/loader/Resource;)Ljava/lang/Class;+117 java.base@17
j  jdk.internal.loader.BuiltinClassLoader.findClassOnClassPathOrNull(Ljava/lang/String;)Ljava/lang/Class;+37 java.base@17
J 208 c1 jdk.internal.loader.BuiltinClassLoader.loadClassOrNull(Ljava/lang/String;Z)Ljava/lang/Class; java.base@17 (143 bytes) @ 0x0000023969cb1d54 [0x0000023969cb0e40+0x0000000000000f14]
J 433 c1 jdk.internal.loader.ClassLoaders$AppClassLoader.loadClass(Ljava/lang/String;Z)Ljava/lang/Class; java.base@17 (40 bytes) @ 0x0000023969d1df0c [0x0000023969d1d8e0+0x000000000000062c]
J 430 c1 java.lang.ClassLoader.loadClass(Ljava/lang/String;)Ljava/lang/Class; java.base@17 (7 bytes) @ 0x0000023969d1c9cc [0x0000023969d1c8c0+0x000000000000010c]
v  ~StubRoutines::call_stub
j  com.fasterxml.jackson.databind.cfg.MapperConfigBase.<clinit>()V+6
v  ~StubRoutines::call_stub
j  com.fasterxml.jackson.databind.ObjectMapper.<init>(Lcom/fasterxml/jackson/core/JsonFactory;Lcom/fasterxml/jackson/databind/ser/DefaultSerializerProvider;Lcom/fasterxml/jackson/databind/deser/DefaultDeserializationContext;)V+138
j  com.fasterxml.jackson.databind.ObjectMapper.<init>()V+4
j  day20.ProductDriver.main([Ljava/lang/String;)V+4
v  ~StubRoutines::call_stub

---------------  P R O C E S S  ---------------

Threads class SMR info:
_java_thread_list=0x0000023904dfb8f0, length=12, elements={
0x0000023961eb1fb0, 0x000002390434a840, 0x000002390434bdd0, 0x000002390435ca60,
0x0000023904360440, 0x0000023904360d00, 0x0000023904364ac0, 0x000002390436d770,
0x000002390436f870, 0x0000023904382550, 0x0000023904def800, 0x0000023904dff7d0
}

Java Threads: ( => current thread )
=>0x0000023961eb1fb0 JavaThread "main" [_thread_in_vm, id=27940, stack(0x0000004c77a00000,0x0000004c77b00000)]
  0x000002390434a840 JavaThread "Reference Handler" daemon [_thread_blocked, id=27168, stack(0x0000004c78100000,0x0000004c78200000)]
  0x000002390434bdd0 JavaThread "Finalizer" daemon [_thread_blocked, id=27444, stack(0x0000004c78200000,0x0000004c78300000)]
  0x000002390435ca60 JavaThread "Signal Dispatcher" daemon [_thread_blocked, id=10900, stack(0x0000004c78400000,0x0000004c78500000)]
  0x0000023904360440 JavaThread "Attach Listener" daemon [_thread_blocked, id=17480, stack(0x0000004c78500000,0x0000004c78600000)]
  0x0000023904360d00 JavaThread "Service Thread" daemon [_thread_blocked, id=11440, stack(0x0000004c78600000,0x0000004c78700000)]
  0x0000023904364ac0 JavaThread "Monitor Deflation Thread" daemon [_thread_blocked, id=25396, stack(0x0000004c78700000,0x0000004c78800000)]
  0x000002390436d770 JavaThread "C2 CompilerThread0" daemon [_thread_in_native, id=3360, stack(0x0000004c78800000,0x0000004c78900000)]
  0x000002390436f870 JavaThread "C1 CompilerThread0" daemon [_thread_in_native, id=4340, stack(0x0000004c78900000,0x0000004c78a00000)]
  0x0000023904382550 JavaThread "Sweeper thread" daemon [_thread_blocked, id=17224, stack(0x0000004c78a00000,0x0000004c78b00000)]
  0x0000023904def800 JavaThread "Notification Thread" daemon [_thread_blocked, id=4100, stack(0x0000004c78b00000,0x0000004c78c00000)]
  0x0000023904dff7d0 JavaThread "Common-Cleaner" daemon [_thread_blocked, id=21440, stack(0x0000004c78d00000,0x0000004c78e00000)]

Other Threads:
  0x0000023904345070 VMThread "VM Thread" [stack: 0x0000004c78000000,0x0000004c78100000] [id=5508]
  0x0000023961f20b10 WatcherThread [stack: 0x0000004c78c00000,0x0000004c78d00000] [id=18768]
  0x0000023961f013a0 GCTaskThread "GC Thread#0" [stack: 0x0000004c77b00000,0x0000004c77c00000] [id=9320]
  0x0000023961f137e0 ConcurrentGCThread "G1 Main Marker" [stack: 0x0000004c77c00000,0x0000004c77d00000] [id=24416]
  0x0000023961f15110 ConcurrentGCThread "G1 Conc#0" [stack: 0x0000004c77d00000,0x0000004c77e00000] [id=24084]
  0x0000023961f79e20 ConcurrentGCThread "G1 Refine#0" [stack: 0x0000004c77e00000,0x0000004c77f00000] [id=20676]
  0x0000023961f7a750 ConcurrentGCThread "G1 Service" [stack: 0x0000004c77f00000,0x0000004c78000000] [id=13184]

Threads with active compile tasks:
C2 CompilerThread0      541  448       4       java.lang.String::substring (58 bytes)
C1 CompilerThread0      541  445       3       java.net.URLStreamHandler::parseURL (1201 bytes)

VM state: not at safepoint (normal execution)

VM Mutex/Monitor currently owned by a thread:  ([mutex/lock_event])
[0x0000023961eac480] Metaspace_lock - owner thread: 0x0000023961eb1fb0

Heap address: 0x0000000701c00000, size: 4068 MB, Compressed Oops mode: Zero based, Oop shift amount: 3

CDS archive(s) mapped at: [0x0000000800000000-0x0000000800bc0000-0x0000000800bc0000), size 12320768, SharedBaseAddress: 0x0000000800000000, ArchiveRelocationMode: 0.
Compressed class space mapped at: 0x0000000800c00000-0x0000000840c00000, reserved size: 1073741824
Narrow klass base: 0x0000000800000000, Narrow klass shift: 0, Narrow klass range: 0x100000000

GC Precious Log:
 CPUs: 4 total, 4 available
 Memory: 16267M
 Large Page Support: Disabled
 NUMA Support: Disabled
 Compressed Oops: Enabled (Zero based)
 Heap Region Size: 2M
 Heap Min Capacity: 8M
 Heap Initial Capacity: 256M
 Heap Max Capacity: 4068M
 Pre-touch: Disabled
 Parallel Workers: 4
 Concurrent Workers: 1
 Concurrent Refinement Workers: 4
 Periodic GC: Disabled

Heap:
 garbage-first heap   total 262144K, used 10240K [0x0000000701c00000, 0x0000000800000000)
  region size 2048K, 6 young (12288K), 0 survivors (0K)
 Metaspace       used 2646K, committed 2752K, reserved 1056768K
  class space    used 208K, committed 256K, reserved 1048576K

Heap Regions: E=young(eden), S=young(survivor), O=old, HS=humongous(starts), HC=humongous(continues), CS=collection set, F=free, OA=open archive, CA=closed archive, TAMS=top-at-mark-start (previous, next)
|   0|0x0000000701c00000, 0x0000000701c00000, 0x0000000701e00000|  0%| F|  |TAMS 0x0000000701c00000, 0x0000000701c00000| Untracked 
|   1|0x0000000701e00000, 0x0000000701e00000, 0x0000000702000000|  0%| F|  |TAMS 0x0000000701e00000, 0x0000000701e00000| Untracked 
|   2|0x0000000702000000, 0x0000000702000000, 0x0000000702200000|  0%| F|  |TAMS 0x0000000702000000, 0x0000000702000000| Untracked 
|   3|0x0000000702200000, 0x0000000702200000, 0x0000000702400000|  0%| F|  |TAMS 0x0000000702200000, 0x0000000702200000| Untracked 
|   4|0x0000000702400000, 0x0000000702400000, 0x0000000702600000|  0%| F|  |TAMS 0x0000000702400000, 0x0000000702400000| Untracked 
|   5|0x0000000702600000, 0x0000000702600000, 0x0000000702800000|  0%| F|  |TAMS 0x0000000702600000, 0x0000000702600000| Untracked 
|   6|0x0000000702800000, 0x0000000702800000, 0x0000000702a00000|  0%| F|  |TAMS 0x0000000702800000, 0x0000000702800000| Untracked 
|   7|0x0000000702a00000, 0x0000000702a00000, 0x0000000702c00000|  0%| F|  |TAMS 0x0000000702a00000, 0x0000000702a00000| Untracked 
|   8|0x0000000702c00000, 0x0000000702c00000, 0x0000000702e00000|  0%| F|  |TAMS 0x0000000702c00000, 0x0000000702c00000| Untracked 
|   9|0x0000000702e00000, 0x0000000702e00000, 0x0000000703000000|  0%| F|  |TAMS 0x0000000702e00000, 0x0000000702e00000| Untracked 
|  10|0x0000000703000000, 0x0000000703000000, 0x0000000703200000|  0%| F|  |TAMS 0x0000000703000000, 0x0000000703000000| Untracked 
|  11|0x0000000703200000, 0x0000000703200000, 0x0000000703400000|  0%| F|  |TAMS 0x0000000703200000, 0x0000000703200000| Untracked 
|  12|0x0000000703400000, 0x0000000703400000, 0x0000000703600000|  0%| F|  |TAMS 0x0000000703400000, 0x0000000703400000| Untracked 
|  13|0x0000000703600000, 0x0000000703600000, 0x0000000703800000|  0%| F|  |TAMS 0x0000000703600000, 0x0000000703600000| Untracked 
|  14|0x0000000703800000, 0x0000000703800000, 0x0000000703a00000|  0%| F|  |TAMS 0x0000000703800000, 0x0000000703800000| Untracked 
|  15|0x0000000703a00000, 0x0000000703a00000, 0x0000000703c00000|  0%| F|  |TAMS 0x0000000703a00000, 0x0000000703a00000| Untracked 
|  16|0x0000000703c00000, 0x0000000703c00000, 0x0000000703e00000|  0%| F|  |TAMS 0x0000000703c00000, 0x0000000703c00000| Untracked 
|  17|0x0000000703e00000, 0x0000000703e00000, 0x0000000704000000|  0%| F|  |TAMS 0x0000000703e00000, 0x0000000703e00000| Untracked 
|  18|0x0000000704000000, 0x0000000704000000, 0x0000000704200000|  0%| F|  |TAMS 0x0000000704000000, 0x0000000704000000| Untracked 
|  19|0x0000000704200000, 0x0000000704200000, 0x0000000704400000|  0%| F|  |TAMS 0x0000000704200000, 0x0000000704200000| Untracked 
|  20|0x0000000704400000, 0x0000000704400000, 0x0000000704600000|  0%| F|  |TAMS 0x0000000704400000, 0x0000000704400000| Untracked 
|  21|0x0000000704600000, 0x0000000704600000, 0x0000000704800000|  0%| F|  |TAMS 0x0000000704600000, 0x0000000704600000| Untracked 
|  22|0x0000000704800000, 0x0000000704800000, 0x0000000704a00000|  0%| F|  |TAMS 0x0000000704800000, 0x0000000704800000| Untracked 
|  23|0x0000000704a00000, 0x0000000704a00000, 0x0000000704c00000|  0%| F|  |TAMS 0x0000000704a00000, 0x0000000704a00000| Untracked 
|  24|0x0000000704c00000, 0x0000000704c00000, 0x0000000704e00000|  0%| F|  |TAMS 0x0000000704c00000, 0x0000000704c00000| Untracked 
|  25|0x0000000704e00000, 0x0000000704e00000, 0x0000000705000000|  0%| F|  |TAMS 0x0000000704e00000, 0x0000000704e00000| Untracked 
|  26|0x0000000705000000, 0x0000000705000000, 0x0000000705200000|  0%| F|  |TAMS 0x0000000705000000, 0x0000000705000000| Untracked 
|  27|0x0000000705200000, 0x0000000705200000, 0x0000000705400000|  0%| F|  |TAMS 0x0000000705200000, 0x0000000705200000| Untracked 
|  28|0x0000000705400000, 0x0000000705400000, 0x0000000705600000|  0%| F|  |TAMS 0x0000000705400000, 0x0000000705400000| Untracked 
|  29|0x0000000705600000, 0x0000000705600000, 0x0000000705800000|  0%| F|  |TAMS 0x0000000705600000, 0x0000000705600000| Untracked 
|  30|0x0000000705800000, 0x0000000705800000, 0x0000000705a00000|  0%| F|  |TAMS 0x0000000705800000, 0x0000000705800000| Untracked 
|  31|0x0000000705a00000, 0x0000000705a00000, 0x0000000705c00000|  0%| F|  |TAMS 0x0000000705a00000, 0x0000000705a00000| Untracked 
|  32|0x0000000705c00000, 0x0000000705c00000, 0x0000000705e00000|  0%| F|  |TAMS 0x0000000705c00000, 0x0000000705c00000| Untracked 
|  33|0x0000000705e00000, 0x0000000705e00000, 0x0000000706000000|  0%| F|  |TAMS 0x0000000705e00000, 0x0000000705e00000| Untracked 
|  34|0x0000000706000000, 0x0000000706000000, 0x0000000706200000|  0%| F|  |TAMS 0x0000000706000000, 0x0000000706000000| Untracked 
|  35|0x0000000706200000, 0x0000000706200000, 0x0000000706400000|  0%| F|  |TAMS 0x0000000706200000, 0x0000000706200000| Untracked 
|  36|0x0000000706400000, 0x0000000706400000, 0x0000000706600000|  0%| F|  |TAMS 0x0000000706400000, 0x0000000706400000| Untracked 
|  37|0x0000000706600000, 0x0000000706600000, 0x0000000706800000|  0%| F|  |TAMS 0x0000000706600000, 0x0000000706600000| Untracked 
|  38|0x0000000706800000, 0x0000000706800000, 0x0000000706a00000|  0%| F|  |TAMS 0x0000000706800000, 0x0000000706800000| Untracked 
|  39|0x0000000706a00000, 0x0000000706a00000, 0x0000000706c00000|  0%| F|  |TAMS 0x0000000706a00000, 0x0000000706a00000| Untracked 
|  40|0x0000000706c00000, 0x0000000706c00000, 0x0000000706e00000|  0%| F|  |TAMS 0x0000000706c00000, 0x0000000706c00000| Untracked 
|  41|0x0000000706e00000, 0x0000000706e00000, 0x0000000707000000|  0%| F|  |TAMS 0x0000000706e00000, 0x0000000706e00000| Untracked 
|  42|0x0000000707000000, 0x0000000707000000, 0x0000000707200000|  0%| F|  |TAMS 0x0000000707000000, 0x0000000707000000| Untracked 
|  43|0x0000000707200000, 0x0000000707200000, 0x0000000707400000|  0%| F|  |TAMS 0x0000000707200000, 0x0000000707200000| Untracked 
|  44|0x0000000707400000, 0x0000000707400000, 0x0000000707600000|  0%| F|  |TAMS 0x0000000707400000, 0x0000000707400000| Untracked 
|  45|0x0000000707600000, 0x0000000707600000, 0x0000000707800000|  0%| F|  |TAMS 0x0000000707600000, 0x0000000707600000| Untracked 
|  46|0x0000000707800000, 0x0000000707800000, 0x0000000707a00000|  0%| F|  |TAMS 0x0000000707800000, 0x0000000707800000| Untracked 
|  47|0x0000000707a00000, 0x0000000707a00000, 0x0000000707c00000|  0%| F|  |TAMS 0x0000000707a00000, 0x0000000707a00000| Untracked 
|  48|0x0000000707c00000, 0x0000000707c00000, 0x0000000707e00000|  0%| F|  |TAMS 0x0000000707c00000, 0x0000000707c00000| Untracked 
|  49|0x0000000707e00000, 0x0000000707e00000, 0x0000000708000000|  0%| F|  |TAMS 0x0000000707e00000, 0x0000000707e00000| Untracked 
|  50|0x0000000708000000, 0x0000000708000000, 0x0000000708200000|  0%| F|  |TAMS 0x0000000708000000, 0x0000000708000000| Untracked 
|  51|0x0000000708200000, 0x0000000708200000, 0x0000000708400000|  0%| F|  |TAMS 0x0000000708200000, 0x0000000708200000| Untracked 
|  52|0x0000000708400000, 0x0000000708400000, 0x0000000708600000|  0%| F|  |TAMS 0x0000000708400000, 0x0000000708400000| Untracked 
|  53|0x0000000708600000, 0x0000000708600000, 0x0000000708800000|  0%| F|  |TAMS 0x0000000708600000, 0x0000000708600000| Untracked 
|  54|0x0000000708800000, 0x0000000708800000, 0x0000000708a00000|  0%| F|  |TAMS 0x0000000708800000, 0x0000000708800000| Untracked 
|  55|0x0000000708a00000, 0x0000000708a00000, 0x0000000708c00000|  0%| F|  |TAMS 0x0000000708a00000, 0x0000000708a00000| Untracked 
|  56|0x0000000708c00000, 0x0000000708c00000, 0x0000000708e00000|  0%| F|  |TAMS 0x0000000708c00000, 0x0000000708c00000| Untracked 
|  57|0x0000000708e00000, 0x0000000708e00000, 0x0000000709000000|  0%| F|  |TAMS 0x0000000708e00000, 0x0000000708e00000| Untracked 
|  58|0x0000000709000000, 0x0000000709000000, 0x0000000709200000|  0%| F|  |TAMS 0x0000000709000000, 0x0000000709000000| Untracked 
|  59|0x0000000709200000, 0x0000000709200000, 0x0000000709400000|  0%| F|  |TAMS 0x0000000709200000, 0x0000000709200000| Untracked 
|  60|0x0000000709400000, 0x0000000709400000, 0x0000000709600000|  0%| F|  |TAMS 0x0000000709400000, 0x0000000709400000| Untracked 
|  61|0x0000000709600000, 0x0000000709600000, 0x0000000709800000|  0%| F|  |TAMS 0x0000000709600000, 0x0000000709600000| Untracked 
|  62|0x0000000709800000, 0x0000000709800000, 0x0000000709a00000|  0%| F|  |TAMS 0x0000000709800000, 0x0000000709800000| Untracked 
|  63|0x0000000709a00000, 0x0000000709a00000, 0x0000000709c00000|  0%| F|  |TAMS 0x0000000709a00000, 0x0000000709a00000| Untracked 
|  64|0x0000000709c00000, 0x0000000709c00000, 0x0000000709e00000|  0%| F|  |TAMS 0x0000000709c00000, 0x0000000709c00000| Untracked 
|  65|0x0000000709e00000, 0x0000000709e00000, 0x000000070a000000|  0%| F|  |TAMS 0x0000000709e00000, 0x0000000709e00000| Untracked 
|  66|0x000000070a000000, 0x000000070a000000, 0x000000070a200000|  0%| F|  |TAMS 0x000000070a000000, 0x000000070a000000| Untracked 
|  67|0x000000070a200000, 0x000000070a200000, 0x000000070a400000|  0%| F|  |TAMS 0x000000070a200000, 0x000000070a200000| Untracked 
|  68|0x000000070a400000, 0x000000070a400000, 0x000000070a600000|  0%| F|  |TAMS 0x000000070a400000, 0x000000070a400000| Untracked 
|  69|0x000000070a600000, 0x000000070a600000, 0x000000070a800000|  0%| F|  |TAMS 0x000000070a600000, 0x000000070a600000| Untracked 
|  70|0x000000070a800000, 0x000000070a800000, 0x000000070aa00000|  0%| F|  |TAMS 0x000000070a800000, 0x000000070a800000| Untracked 
|  71|0x000000070aa00000, 0x000000070aa00000, 0x000000070ac00000|  0%| F|  |TAMS 0x000000070aa00000, 0x000000070aa00000| Untracked 
|  72|0x000000070ac00000, 0x000000070ac00000, 0x000000070ae00000|  0%| F|  |TAMS 0x000000070ac00000, 0x000000070ac00000| Untracked 
|  73|0x000000070ae00000, 0x000000070ae00000, 0x000000070b000000|  0%| F|  |TAMS 0x000000070ae00000, 0x000000070ae00000| Untracked 
|  74|0x000000070b000000, 0x000000070b000000, 0x000000070b200000|  0%| F|  |TAMS 0x000000070b000000, 0x000000070b000000| Untracked 
|  75|0x000000070b200000, 0x000000070b200000, 0x000000070b400000|  0%| F|  |TAMS 0x000000070b200000, 0x000000070b200000| Untracked 
|  76|0x000000070b400000, 0x000000070b400000, 0x000000070b600000|  0%| F|  |TAMS 0x000000070b400000, 0x000000070b400000| Untracked 
|  77|0x000000070b600000, 0x000000070b600000, 0x000000070b800000|  0%| F|  |TAMS 0x000000070b600000, 0x000000070b600000| Untracked 
|  78|0x000000070b800000, 0x000000070b800000, 0x000000070ba00000|  0%| F|  |TAMS 0x000000070b800000, 0x000000070b800000| Untracked 
|  79|0x000000070ba00000, 0x000000070ba00000, 0x000000070bc00000|  0%| F|  |TAMS 0x000000070ba00000, 0x000000070ba00000| Untracked 
|  80|0x000000070bc00000, 0x000000070bc00000, 0x000000070be00000|  0%| F|  |TAMS 0x000000070bc00000, 0x000000070bc00000| Untracked 
|  81|0x000000070be00000, 0x000000070be00000, 0x000000070c000000|  0%| F|  |TAMS 0x000000070be00000, 0x000000070be00000| Untracked 
|  82|0x000000070c000000, 0x000000070c000000, 0x000000070c200000|  0%| F|  |TAMS 0x000000070c000000, 0x000000070c000000| Untracked 
|  83|0x000000070c200000, 0x000000070c200000, 0x000000070c400000|  0%| F|  |TAMS 0x000000070c200000, 0x000000070c200000| Untracked 
|  84|0x000000070c400000, 0x000000070c400000, 0x000000070c600000|  0%| F|  |TAMS 0x000000070c400000, 0x000000070c400000| Untracked 
|  85|0x000000070c600000, 0x000000070c600000, 0x000000070c800000|  0%| F|  |TAMS 0x000000070c600000, 0x000000070c600000| Untracked 
|  86|0x000000070c800000, 0x000000070c800000, 0x000000070ca00000|  0%| F|  |TAMS 0x000000070c800000, 0x000000070c800000| Untracked 
|  87|0x000000070ca00000, 0x000000070ca00000, 0x000000070cc00000|  0%| F|  |TAMS 0x000000070ca00000, 0x000000070ca00000| Untracked 
|  88|0x000000070cc00000, 0x000000070cc00000, 0x000000070ce00000|  0%| F|  |TAMS 0x000000070cc00000, 0x000000070cc00000| Untracked 
|  89|0x000000070ce00000, 0x000000070ce00000, 0x000000070d000000|  0%| F|  |TAMS 0x000000070ce00000, 0x000000070ce00000| Untracked 
|  90|0x000000070d000000, 0x000000070d000000, 0x000000070d200000|  0%| F|  |TAMS 0x000000070d000000, 0x000000070d000000| Untracked 
|  91|0x000000070d200000, 0x000000070d200000, 0x000000070d400000|  0%| F|  |TAMS 0x000000070d200000, 0x000000070d200000| Untracked 
|  92|0x000000070d400000, 0x000000070d400000, 0x000000070d600000|  0%| F|  |TAMS 0x000000070d400000, 0x000000070d400000| Untracked 
|  93|0x000000070d600000, 0x000000070d600000, 0x000000070d800000|  0%| F|  |TAMS 0x000000070d600000, 0x000000070d600000| Untracked 
|  94|0x000000070d800000, 0x000000070d800000, 0x000000070da00000|  0%| F|  |TAMS 0x000000070d800000, 0x000000070d800000| Untracked 
|  95|0x000000070da00000, 0x000000070da00000, 0x000000070dc00000|  0%| F|  |TAMS 0x000000070da00000, 0x000000070da00000| Untracked 
|  96|0x000000070dc00000, 0x000000070dc00000, 0x000000070de00000|  0%| F|  |TAMS 0x000000070dc00000, 0x000000070dc00000| Untracked 
|  97|0x000000070de00000, 0x000000070de00000, 0x000000070e000000|  0%| F|  |TAMS 0x000000070de00000, 0x000000070de00000| Untracked 
|  98|0x000000070e000000, 0x000000070e000000, 0x000000070e200000|  0%| F|  |TAMS 0x000000070e000000, 0x000000070e000000| Untracked 
|  99|0x000000070e200000, 0x000000070e200000, 0x000000070e400000|  0%| F|  |TAMS 0x000000070e200000, 0x000000070e200000| Untracked 
| 100|0x000000070e400000, 0x000000070e400000, 0x000000070e600000|  0%| F|  |TAMS 0x000000070e400000, 0x000000070e400000| Untracked 
| 101|0x000000070e600000, 0x000000070e600000, 0x000000070e800000|  0%| F|  |TAMS 0x000000070e600000, 0x000000070e600000| Untracked 
| 102|0x000000070e800000, 0x000000070e800000, 0x000000070ea00000|  0%| F|  |TAMS 0x000000070e800000, 0x000000070e800000| Untracked 
| 103|0x000000070ea00000, 0x000000070ea00000, 0x000000070ec00000|  0%| F|  |TAMS 0x000000070ea00000, 0x000000070ea00000| Untracked 
| 104|0x000000070ec00000, 0x000000070ec00000, 0x000000070ee00000|  0%| F|  |TAMS 0x000000070ec00000, 0x000000070ec00000| Untracked 
| 105|0x000000070ee00000, 0x000000070ee00000, 0x000000070f000000|  0%| F|  |TAMS 0x000000070ee00000, 0x000000070ee00000| Untracked 
| 106|0x000000070f000000, 0x000000070f000000, 0x000000070f200000|  0%| F|  |TAMS 0x000000070f000000, 0x000000070f000000| Untracked 
| 107|0x000000070f200000, 0x000000070f200000, 0x000000070f400000|  0%| F|  |TAMS 0x000000070f200000, 0x000000070f200000| Untracked 
| 108|0x000000070f400000, 0x000000070f400000, 0x000000070f600000|  0%| F|  |TAMS 0x000000070f400000, 0x000000070f400000| Untracked 
| 109|0x000000070f600000, 0x000000070f600000, 0x000000070f800000|  0%| F|  |TAMS 0x000000070f600000, 0x000000070f600000| Untracked 
| 110|0x000000070f800000, 0x000000070f800000, 0x000000070fa00000|  0%| F|  |TAMS 0x000000070f800000, 0x000000070f800000| Untracked 
| 111|0x000000070fa00000, 0x000000070fa00000, 0x000000070fc00000|  0%| F|  |TAMS 0x000000070fa00000, 0x000000070fa00000| Untracked 
| 112|0x000000070fc00000, 0x000000070fc00000, 0x000000070fe00000|  0%| F|  |TAMS 0x000000070fc00000, 0x000000070fc00000| Untracked 
| 113|0x000000070fe00000, 0x000000070fe00000, 0x0000000710000000|  0%| F|  |TAMS 0x000000070fe00000, 0x000000070fe00000| Untracked 
| 114|0x0000000710000000, 0x0000000710000000, 0x0000000710200000|  0%| F|  |TAMS 0x0000000710000000, 0x0000000710000000| Untracked 
| 115|0x0000000710200000, 0x0000000710200000, 0x0000000710400000|  0%| F|  |TAMS 0x0000000710200000, 0x0000000710200000| Untracked 
| 116|0x0000000710400000, 0x0000000710400000, 0x0000000710600000|  0%| F|  |TAMS 0x0000000710400000, 0x0000000710400000| Untracked 
| 117|0x0000000710600000, 0x0000000710600000, 0x0000000710800000|  0%| F|  |TAMS 0x0000000710600000, 0x0000000710600000| Untracked 
| 118|0x0000000710800000, 0x0000000710800000, 0x0000000710a00000|  0%| F|  |TAMS 0x0000000710800000, 0x0000000710800000| Untracked 
| 119|0x0000000710a00000, 0x0000000710a00000, 0x0000000710c00000|  0%| F|  |TAMS 0x0000000710a00000, 0x0000000710a00000| Untracked 
| 120|0x0000000710c00000, 0x0000000710c00000, 0x0000000710e00000|  0%| F|  |TAMS 0x0000000710c00000, 0x0000000710c00000| Untracked 
| 121|0x0000000710e00000, 0x0000000710e00000, 0x0000000711000000|  0%| F|  |TAMS 0x0000000710e00000, 0x0000000710e00000| Untracked 
| 122|0x0000000711000000, 0x0000000711087dc0, 0x0000000711200000| 26%| E|  |TAMS 0x0000000711000000, 0x0000000711000000| Complete 
| 123|0x0000000711200000, 0x0000000711400000, 0x0000000711400000|100%| E|CS|TAMS 0x0000000711200000, 0x0000000711200000| Complete 
| 124|0x0000000711400000, 0x0000000711600000, 0x0000000711600000|100%| E|CS|TAMS 0x0000000711400000, 0x0000000711400000| Complete 
| 125|0x0000000711600000, 0x0000000711800000, 0x0000000711800000|100%| E|CS|TAMS 0x0000000711600000, 0x0000000711600000| Complete 
| 126|0x0000000711800000, 0x0000000711a00000, 0x0000000711a00000|100%| E|CS|TAMS 0x0000000711800000, 0x0000000711800000| Complete 
| 127|0x0000000711a00000, 0x0000000711c00000, 0x0000000711c00000|100%| E|CS|TAMS 0x0000000711a00000, 0x0000000711a00000| Complete 

Card table byte_map: [0x0000023978ec0000,0x00000239796c0000] _byte_map_base: 0x00000239756b2000

Marking Bits (Prev, Next): (CMBitMap*) 0x0000023961f028d0, (CMBitMap*) 0x0000023961f02910
 Prev Bits: [0x0000023979ec0000, 0x000002397de50000)
 Next Bits: [0x0000023900000000, 0x0000023903f90000)

Polling page: 0x000002395fe50000

Metaspace:

Usage:
  Non-class:      2.38 MB used.
      Class:    208.09 KB used.
       Both:      2.58 MB used.

Virtual space:
  Non-class space:        8.00 MB reserved,       2.44 MB ( 30%) committed,  1 nodes.
      Class space:        1.00 GB reserved,     256.00 KB ( <1%) committed,  1 nodes.
             Both:        1.01 GB reserved,       2.69 MB ( <1%) committed. 

Chunk freelists:
   Non-Class:  2.23 MB
       Class:  3.58 MB
        Both:  5.81 MB

MaxMetaspaceSize: unlimited
CompressedClassSpaceSize: 1.00 GB
Initial GC threshold: 21.00 MB
Current GC threshold: 21.00 MB
CDS: on
MetaspaceReclaimPolicy: balanced
 - commit_granule_bytes: 65536.
 - commit_granule_words: 8192.
 - virtual_space_node_default_size: 1048576.
 - enlarge_chunks_in_place: 1.
 - new_chunks_are_fully_committed: 0.
 - uncommit_free_chunks: 1.
 - use_allocation_guard: 0.
 - handle_deallocations: 1.


Internal statistics:

num_allocs_failed_limit: 0.
num_arena_births: 8.
num_arena_deaths: 0.
num_vsnodes_births: 2.
num_vsnodes_deaths: 0.
num_space_committed: 43.
num_space_uncommitted: 0.
num_chunks_returned_to_freelist: 0.
num_chunks_taken_from_freelist: 81.
num_chunk_merges: 0.
num_chunk_splits: 66.
num_chunks_enlarged: 59.
num_purges: 0.
num_inconsistent_stats: 0.

CodeHeap 'non-profiled nmethods': size=120000Kb used=113Kb max_used=113Kb free=119886Kb
 bounds [0x0000023971190000, 0x0000023971400000, 0x00000239786c0000]
CodeHeap 'profiled nmethods': size=120000Kb used=785Kb max_used=785Kb free=119214Kb
 bounds [0x0000023969c60000, 0x0000023969ed0000, 0x0000023971190000]
CodeHeap 'non-nmethods': size=5760Kb used=1130Kb max_used=1146Kb free=4629Kb
 bounds [0x00000239696c0000, 0x0000023969930000, 0x0000023969c60000]
 total_blobs=858 nmethods=444 adapters=327
 compilation: enabled
              stopped_count=0, restarted_count=0
 full_count=0

Compilation events (20 events):
Event: 0.468 Thread 0x000002390436d770 nmethod 434 0x00000239711aa710 code [0x00000239711aa8a0, 0x00000239711aad58]
Event: 0.468 Thread 0x000002390436d770  437       4       java.lang.StringLatin1::indexOf (121 bytes)
Event: 0.469 Thread 0x000002390436f870 nmethod 438 0x0000023969d1f710 code [0x0000023969d1fa20, 0x0000023969d20cb8]
Event: 0.469 Thread 0x000002390436f870  439       3       java.lang.Enum::<init> (15 bytes)
Event: 0.469 Thread 0x000002390436f870 nmethod 439 0x0000023969d21410 code [0x0000023969d215a0, 0x0000023969d21778]
Event: 0.470 Thread 0x000002390436f870  440       3       java.lang.StringLatin1::getChars (12 bytes)
Event: 0.470 Thread 0x000002390436f870 nmethod 440 0x0000023969d21810 code [0x0000023969d219a0, 0x0000023969d21ac8]
Event: 0.474 Thread 0x000002390436f870  441       3       java.util.jar.JarFile::getVersionedEntry (133 bytes)
Event: 0.475 Thread 0x000002390436f870 nmethod 441 0x0000023969d21b90 code [0x0000023969d21e60, 0x0000023969d22c58]
Event: 0.476 Thread 0x000002390436f870  443       3       java.security.CodeSource::getCertificates (98 bytes)
Event: 0.477 Thread 0x000002390436f870 nmethod 443 0x0000023969d23210 code [0x0000023969d23480, 0x0000023969d24058]
Event: 0.479 Thread 0x000002390436d770 nmethod 437 0x00000239711ab390 code [0x00000239711ab520, 0x00000239711aba38]
Event: 0.479 Thread 0x000002390436d770  436       4       java.lang.String::indexOf (29 bytes)
Event: 0.479 Thread 0x000002390436f870  444       3       sun.net.www.protocol.file.Handler::parseURL (18 bytes)
Event: 0.479 Thread 0x000002390436f870 nmethod 444 0x0000023969d24310 code [0x0000023969d244c0, 0x0000023969d24678]
Event: 0.479 Thread 0x000002390436f870  445       3       java.net.URLStreamHandler::parseURL (1201 bytes)
Event: 0.480 Thread 0x000002390436d770 nmethod 436 0x00000239711abc90 code [0x00000239711abe20, 0x00000239711ac058]
Event: 0.480 Thread 0x000002390436d770  427       4       java.lang.String::checkBoundsBeginEnd (63 bytes)
Event: 0.481 Thread 0x000002390436d770 nmethod 427 0x00000239711ac190 code [0x00000239711ac300, 0x00000239711ac3b8]
Event: 0.484 Thread 0x000002390436d770  448       4       java.lang.String::substring (58 bytes)

GC Heap History (0 events):
No events

Deoptimization events (6 events):
Event: 0.235 Thread 0x0000023961eb1fb0 DEOPT PACKING pc=0x0000023969c86267 sp=0x0000004c77afd970
Event: 0.235 Thread 0x0000023961eb1fb0 DEOPT UNPACKING pc=0x0000023969712b43 sp=0x0000004c77afcd90 mode 0
Event: 0.249 Thread 0x0000023961eb1fb0 DEOPT PACKING pc=0x0000023969c75051 sp=0x0000004c77afa390
Event: 0.249 Thread 0x0000023961eb1fb0 DEOPT UNPACKING pc=0x0000023969712b43 sp=0x0000004c77af9808 mode 0
Event: 0.467 Thread 0x0000023961eb1fb0 DEOPT PACKING pc=0x0000023969c8b265 sp=0x0000004c77afd6d0
Event: 0.467 Thread 0x0000023961eb1fb0 DEOPT UNPACKING pc=0x0000023969712b43 sp=0x0000004c77afcb20 mode 0

Classes unloaded (0 events):
No events

Classes redefined (0 events):
No events

Internal exceptions (0 events):
No events

VM Operations (2 events):
Event: 0.106 Executing VM operation: HandshakeAllThreads
Event: 0.106 Executing VM operation: HandshakeAllThreads done

Events (20 events):
Event: 0.297 loading class sun/util/calendar/ZoneInfoFile$Checksum done
Event: 0.297 loading class java/util/zip/Checksum$1
Event: 0.297 loading class java/util/zip/Checksum$1 done
Event: 0.302 loading class jdk/internal/module/ModulePatcher$PatchedModuleReader
Event: 0.302 loading class jdk/internal/module/ModulePatcher$PatchedModuleReader done
Event: 0.303 Loaded shared library C:\Program Files\Java\jdk-17\bin\jimage.dll
Event: 0.304 loading class sun/net/www/protocol/jrt/Handler
Event: 0.304 loading class sun/net/www/protocol/jrt/Handler done
Event: 0.367 loading class sun/text/resources/cldr/FormatData_en
Event: 0.368 loading class sun/text/resources/cldr/FormatData_en done
Event: 0.368 loading class sun/text/resources/cldr/FormatData_en_US
Event: 0.368 loading class sun/text/resources/cldr/FormatData_en_US done
Event: 0.400 loading class java/io/Reader
Event: 0.400 loading class java/io/Reader done
Event: 0.400 loading class java/io/CharArrayReader
Event: 0.400 loading class java/io/CharArrayReader done
Event: 0.400 loading class java/io/StringReader
Event: 0.400 loading class java/io/StringReader done
Event: 0.422 loading class java/lang/UnsupportedOperationException
Event: 0.422 loading class java/lang/UnsupportedOperationException done


Dynamic libraries:
0x00007ff7de050000 - 0x00007ff7de060000 	C:\Program Files\Java\jdk-17\bin\javaw.exe
0x00007ff94ed10000 - 0x00007ff94ef08000 	C:\Windows\SYSTEM32\ntdll.dll
0x00007ff94ec00000 - 0x00007ff94ecc2000 	C:\Windows\System32\KERNEL32.DLL
0x00007ff94c790000 - 0x00007ff94ca86000 	C:\Windows\System32\KERNELBASE.dll
0x00007ff94ca90000 - 0x00007ff94cb90000 	C:\Windows\System32\ucrtbase.dll
0x00007ff9435a0000 - 0x00007ff9435b8000 	C:\Program Files\Java\jdk-17\bin\jli.dll
0x00007ff94eb40000 - 0x00007ff94ebf1000 	C:\Windows\System32\ADVAPI32.dll
0x00007ff94e520000 - 0x00007ff94e5be000 	C:\Windows\System32\msvcrt.dll
0x00007ff94cd30000 - 0x00007ff94cdcf000 	C:\Windows\System32\sechost.dll
0x00007ff94d780000 - 0x00007ff94d8a0000 	C:\Windows\System32\RPCRT4.dll
0x00007ff94c760000 - 0x00007ff94c787000 	C:\Windows\System32\bcrypt.dll
0x00007ff94db00000 - 0x00007ff94dca1000 	C:\Windows\System32\USER32.dll
0x00007ff94cb90000 - 0x00007ff94cbb2000 	C:\Windows\System32\win32u.dll
0x00007ff94d920000 - 0x00007ff94d94b000 	C:\Windows\System32\GDI32.dll
0x00007ff94cc10000 - 0x00007ff94cd29000 	C:\Windows\System32\gdi32full.dll
0x00007ff94c6c0000 - 0x00007ff94c75d000 	C:\Windows\System32\msvcp_win.dll
0x00007ff942730000 - 0x00007ff94274a000 	C:\Program Files\Java\jdk-17\bin\VCRUNTIME140.dll
0x00007ff94b6d0000 - 0x00007ff94b96b000 	C:\Windows\WinSxS\amd64_microsoft.windows.common-controls_6595b64144ccf1df_6.0.19041.6456_none_60b8a6cb71f64256\COMCTL32.dll
0x00007ff9489c0000 - 0x00007ff9489ca000 	C:\Windows\SYSTEM32\VERSION.dll
0x00007ff94ea60000 - 0x00007ff94ea8f000 	C:\Windows\System32\IMM32.DLL
0x00007ff946060000 - 0x00007ff94606c000 	C:\Program Files\Java\jdk-17\bin\vcruntime140_1.dll
0x00007ff91a6e0000 - 0x00007ff91a76d000 	C:\Program Files\Java\jdk-17\bin\msvcp140.dll
0x00007ff8f8200000 - 0x00007ff8f8dbe000 	C:\Program Files\Java\jdk-17\bin\server\jvm.dll
0x00007ff94dcb0000 - 0x00007ff94dcb8000 	C:\Windows\System32\PSAPI.DLL
0x00007ff945c90000 - 0x00007ff945c99000 	C:\Windows\SYSTEM32\WSOCK32.dll
0x00007ff937150000 - 0x00007ff937177000 	C:\Windows\SYSTEM32\WINMM.dll
0x00007ff94e990000 - 0x00007ff94e9fb000 	C:\Windows\System32\WS2_32.dll
0x00007ff94a510000 - 0x00007ff94a522000 	C:\Windows\SYSTEM32\kernel.appcore.dll
0x00007ff945bf0000 - 0x00007ff945bfa000 	C:\Program Files\Java\jdk-17\bin\jimage.dll
0x00007ff94bc70000 - 0x00007ff94be71000 	C:\Windows\SYSTEM32\DBGHELP.DLL
0x00007ff94ba80000 - 0x00007ff94bab4000 	C:\Windows\SYSTEM32\dbgcore.DLL
0x00007ff94c450000 - 0x00007ff94c4d2000 	C:\Windows\System32\bcryptPrimitives.dll
0x00007ff92c090000 - 0x00007ff92c0b5000 	C:\Program Files\Java\jdk-17\bin\java.dll
0x00007ff9137e0000 - 0x00007ff9138b6000 	C:\Program Files\Java\jdk-17\bin\svml.dll
0x00007ff94dcc0000 - 0x00007ff94e430000 	C:\Windows\System32\SHELL32.dll
0x00007ff949c10000 - 0x00007ff94a3b5000 	C:\Windows\SYSTEM32\windows.storage.dll
0x00007ff94ce80000 - 0x00007ff94d1d4000 	C:\Windows\System32\combase.dll
0x00007ff94b630000 - 0x00007ff94b65b000 	C:\Windows\SYSTEM32\Wldp.dll
0x00007ff94e450000 - 0x00007ff94e51d000 	C:\Windows\System32\OLEAUT32.dll
0x00007ff94cdd0000 - 0x00007ff94ce7d000 	C:\Windows\System32\SHCORE.dll
0x00007ff94e5c0000 - 0x00007ff94e61b000 	C:\Windows\System32\shlwapi.dll
0x00007ff94c2d0000 - 0x00007ff94c2f4000 	C:\Windows\SYSTEM32\profapi.dll
0x00007ff92c500000 - 0x00007ff92c519000 	C:\Program Files\Java\jdk-17\bin\net.dll
0x00007ff93f270000 - 0x00007ff93f37a000 	C:\Windows\SYSTEM32\WINHTTP.dll
0x00007ff94b530000 - 0x00007ff94b59a000 	C:\Windows\system32\mswsock.dll
0x00007ff92c2b0000 - 0x00007ff92c2c5000 	C:\Program Files\Java\jdk-17\bin\nio.dll
0x00007ff92b9a0000 - 0x00007ff92b9b8000 	C:\Program Files\Java\jdk-17\bin\zip.dll

dbghelp: loaded successfully - version: 4.0.5 - missing functions: none
symbol engine: initialized successfully - sym options: 0x614 - pdb path: .;C:\Program Files\Java\jdk-17\bin;C:\Windows\SYSTEM32;C:\Windows\WinSxS\amd64_microsoft.windows.common-controls_6595b64144ccf1df_6.0.19041.6456_none_60b8a6cb71f64256;C:\Program Files\Java\jdk-17\bin\server

VM Arguments:
jvm_args: -Dfile.encoding=UTF-8 -Dstdout.encoding=UTF-8 -Dstderr.encoding=UTF-8 -XX:+ShowCodeDetailsInExceptionMessages 
java_command: day20.ProductDriver
java_class_path (initial): D:\EclipseJavaprogs2\KIITFSD\bin;D:\GL\Freshers\JSON\jackson-annotations-2.15.2.jar;D:\GL\Freshers\JSON\jackson-core-2.15.2.jar;D:\GL\Freshers\JSON\jackson-databind-2.15.2.jar
Launcher Type: SUN_STANDARD

[Global flags]
     intx CICompilerCount                          = 3                                         {product} {ergonomic}
     uint ConcGCThreads                            = 1                                         {product} {ergonomic}
     uint G1ConcRefinementThreads                  = 4                                         {product} {ergonomic}
   size_t G1HeapRegionSize                         = 2097152                                   {product} {ergonomic}
    uintx GCDrainStackTargetSize                   = 64                                        {product} {ergonomic}
   size_t InitialHeapSize                          = 268435456                                 {product} {ergonomic}
   size_t MarkStackSize                            = 4194304                                   {product} {ergonomic}
   size_t MaxHeapSize                              = 4265607168                                {product} {ergonomic}
   size_t MaxNewSize                               = 2558525440                                {product} {ergonomic}
   size_t MinHeapDeltaBytes                        = 2097152                                   {product} {ergonomic}
   size_t MinHeapSize                              = 8388608                                   {product} {ergonomic}
    uintx NonNMethodCodeHeapSize                   = 5832780                                {pd product} {ergonomic}
    uintx NonProfiledCodeHeapSize                  = 122912730                              {pd product} {ergonomic}
    uintx ProfiledCodeHeapSize                     = 122912730                              {pd product} {ergonomic}
    uintx ReservedCodeCacheSize                    = 251658240                              {pd product} {ergonomic}
     bool SegmentedCodeCache                       = true                                      {product} {ergonomic}
     bool ShowCodeDetailsInExceptionMessages       = true                                   {manageable} {command line}
   size_t SoftMaxHeapSize                          = 4265607168                             {manageable} {ergonomic}
     bool UseCompressedClassPointers               = true                           {product lp64_product} {ergonomic}
     bool UseCompressedOops                        = true                           {product lp64_product} {ergonomic}
     bool UseG1GC                                  = true                                      {product} {ergonomic}
     bool UseLargePagesIndividualAllocation        = false                                  {pd product} {ergonomic}

Logging:
Log output configuration:
 #0: stdout all=warning uptime,level,tags
 #1: stderr all=off uptime,level,tags

Environment Variables:
PATH=C:/Users/Umer Solanki/.p2/pool/plugins/org.eclipse.justj.openjdk.hotspot.jre.full.win32.x86_64_23.0.2.v20250131-0604/jre/bin/server;C:/Users/Umer Solanki/.p2/pool/plugins/org.eclipse.justj.openjdk.hotspot.jre.full.win32.x86_64_23.0.2.v20250131-0604/jre/bin;C:\Program Files\Common Files\Oracle\Java\javapath;C:\Program Files (x86)\Common Files\Oracle\Java\javapath;C:\Python313\Scripts\;C:\Python313\;C:\Windows\system32;C:\Windows;C:\Windows\System32\Wbem;C:\Windows\System32\WindowsPowerShell\v1.0\;C:\Windows\System32\OpenSSH\;C:\Program Files\nodejs\;C:\ProgramData\chocolatey\bin;C:\Program Files\Git\cmd;C:\Users\Umer Solanki\AppData\Local\Microsoft\WindowsApps;C:\Users\Umer Solanki\AppData\Roaming\npm;C:\Users\Umer Solanki\AppData\Local\Programs\Microsoft VS Code\bin;C:\Windows\system32;
USERNAME=Umer Solanki
OS=Windows_NT
PROCESSOR_IDENTIFIER=Intel64 Family 6 Model 78 Stepping 3, GenuineIntel



---------------  S Y S T E M  ---------------

OS:
 Windows 10 , 64 bit Build 19041 (10.0.19041.5915)
OS uptime: 10 days 9:32 hours

CPU: total 4 (initial active 4) (2 cores per cpu, 2 threads per core) family 6 model 78 stepping 3 microcode 0xec, cx8, cmov, fxsr, ht, mmx, 3dnowpref, sse, sse2, sse3, ssse3, sse4.1, sse4.2, popcnt, lzcnt, tsc, tscinvbit, avx, avx2, aes, erms, clmul, bmi1, bmi2, rtm, adx, fma, vzeroupper, clflush, clflushopt

Memory: 4k page, system-wide physical 16267M (4185M free)
TotalPageFile size 29184M (AvailPageFile size 2M)
current process WorkingSet (physical memory assigned to process): 49M, peak: 49M
current process commit charge ("private bytes"): 341M, peak: 341M

vm_info: Java HotSpot(TM) 64-Bit Server VM (17+35-LTS-2724) for windows-amd64 JRE (17+35-LTS-2724), built on Aug  5 2021 23:28:28 by "mach5one" with MS VC++ 16.8 (VS2019)

END.
